2025-11-21T19:47:54 SERVER_START 0.0.0.xxx
2025-11-21T21:10:12 CONNECT 192.168.1.xxx
2025-11-21T21:10:12 DATA 192.168.1.xxx ssh root
2025-11-21T21:10:12 DATA 192.168.1.xxx password: ******
2025-11-21T21:10:13 DISCONNECT 192.168.1.xxx

2025-11-21T21:12:01 CONNECT 45.90.12.xxx
2025-11-21T21:12:01 DATA 45.90.12.xxx command: uname -a
2025-11-21T21:12:01 DATA 45.90.12.xxx command: cat_/etc/passwd (sensitive masked)
2025-11-21T21:12:02 DISCONNECT 45.90.12.xxx

2025-11-21T21:15:44 CONNECT 185.23.14.xxx
2025-11-21T21:15:44 DATA 185.23.14.xxx ssh admin
2025-11-21T21:15:44 DATA 185.23.14.xxx password: ******
2025-11-21T21:15:45 DATA 185.23.14.xxx dangerous_command: rm -rf /
2025-11-21T21:15:46 DISCONNECT 185.23.14.xxx

2025-11-21T21:18:10 CONNECT 103.24.55.xxx
2025-11-21T21:18:10 DATA 103.24.55.xxx command: ls
2025-11-21T21:18:10 DATA 103.24.55.xxx command: pwd
2025-11-21T21:18:10 DATA 103.24.55.xxx command: whoami
2025-11-21T21:18:11 DISCONNECT 103.24.55.xxx

2025-11-22T00:10:38 SERVER_START 0.0.0.xxx
2025-11-22T00:22:51 SERVER_STOPPED
2025-11-22T19:34:35 SERVER_START 0.0.0.xxx
2025-11-22T19:34:40 SERVER_STOPPED
2025-11-22T19:34:41 SERVER_START 0.0.0.xxx
2025-11-22T19:59:13 SERVER_STOPPED
2025-11-22T19:59:13 SERVER_START 0.0.0.xxx
2025-11-22T19:59:20 SERVER_STOPPED
2025-11-22T19:59:20 SERVER_START 0.0.0.xxx
2025-11-22T20:17:10 SERVER_STOPPED
